0 info it worked if it ends with ok
1 verbose cli [ '/home/tammy/.nvm/versions/node/v0.12.6/bin/node',
1 verbose cli   '/home/tammy/.nvm/versions/node/v0.12.6/bin/npm',
1 verbose cli   'run',
1 verbose cli   'dev' ]
2 info using npm@2.11.2
3 info using node@v0.12.6
4 verbose stack Error: ENOENT, open '/home/tammy/Development/code/phase-1/Phase-1-Project/package.json'
4 verbose stack     at Error (native)
5 verbose cwd /home/tammy/Development/code/phase-1/Phase-1-Project
6 error Linux 5.15.0-69-generic
7 error argv "/home/tammy/.nvm/versions/node/v0.12.6/bin/node" "/home/tammy/.nvm/versions/node/v0.12.6/bin/npm" "run" "dev"
8 error node v0.12.6
9 error npm  v2.11.2
10 error path /home/tammy/Development/code/phase-1/Phase-1-Project/package.json
11 error code ENOENT
12 error errno -2
13 error enoent ENOENT, open '/home/tammy/Development/code/phase-1/Phase-1-Project/package.json'
13 error enoent This is most likely not a problem with npm itself
13 error enoent and is related to npm not being able to find a file.
14 verbose exit [ -2, true ]
